[2017-02-03 18:45:46][debug] Pay order with weChat payment
[2017-02-03 18:45:47][debug] Response of WxPayApi::unifiedOrder:Array
(
    [return_code] => FAIL
    [return_msg] => appid参数长度有误
)

[2017-02-03 18:45:47][debug] enter check_wechatpay_response!
[2017-02-03 18:45:47][debug] Generate WeChat QR Code:
[2017-02-03 18:45:48][debug]  start loop !
[2017-02-03 18:45:48][debug]  check_wechatpay_response orderid:85is need pay:
[2017-02-03 18:45:48][debug]  start loop !
[2017-02-03 18:45:48][debug]  check_wechatpay_response orderid:85is need pay:
[2017-02-03 18:45:48][debug]  start loop !
[2017-02-03 18:45:48][debug]  check_wechatpay_response orderid:85is need pay:
[2017-02-03 18:45:49][debug]  start loop !
[2017-02-03 18:45:49][debug]  check_wechatpay_response orderid:85is need pay:
[2017-02-03 18:45:49][debug]  start loop !
[2017-02-03 18:45:49][debug]  check_wechatpay_response orderid:85is need pay:
[2017-02-03 18:45:50][debug]  start loop !
[2017-02-03 18:45:50][debug]  check_wechatpay_response orderid:85is need pay:
[2017-02-03 18:45:50][debug]  start loop !
[2017-02-03 18:45:50][debug]  check_wechatpay_response orderid:85is need pay:
[2017-02-03 18:45:51][debug]  start loop !
[2017-02-03 18:45:51][debug]  check_wechatpay_response orderid:85is need pay:
[2017-02-03 18:45:52][debug]  start loop !
[2017-02-03 18:45:52][debug]  check_wechatpay_response orderid:85is need pay:
[2017-02-03 18:45:53][debug]  start loop !
[2017-02-03 18:45:53][debug]  check_wechatpay_response orderid:85is need pay:
[2017-02-03 18:45:54][debug]  start loop !
[2017-02-03 18:45:54][debug]  check_wechatpay_response orderid:85is need pay:
[2017-02-03 18:45:55][debug]  start loop !
[2017-02-03 18:45:55][debug]  check_wechatpay_response orderid:85is need pay:
[2017-02-03 18:45:56][debug]  start loop !
[2017-02-03 18:45:56][debug]  check_wechatpay_response orderid:85is need pay:
[2017-02-03 18:45:57][debug]  start loop !
[2017-02-03 18:45:57][debug]  check_wechatpay_response orderid:85is need pay:
[2017-02-03 18:45:58][debug]  start loop !
[2017-02-03 18:45:58][debug]  check_wechatpay_response orderid:85is need pay:
[2017-02-03 18:45:59][debug]  start loop !
[2017-02-03 18:45:59][debug]  check_wechatpay_response orderid:85is need pay:
[2017-02-03 18:46:00][debug]  start loop !
[2017-02-03 18:46:00][debug]  check_wechatpay_response orderid:85is need pay:
[2017-02-03 18:46:01][debug]  start loop !
[2017-02-03 18:46:01][debug]  check_wechatpay_response orderid:85is need pay:
[2017-02-03 18:46:02][debug]  start loop !
[2017-02-03 18:46:02][debug]  check_wechatpay_response orderid:85is need pay:
