[2017-02-09 03:12:23][debug] Pay order with weChat payment
[2017-02-09 03:12:25][debug] Response of WxPayApi::unifiedOrder:Array
(
    [return_code] => FAIL
    [return_msg] => appid参数长度有误
)

[2017-02-09 03:12:27][debug]  start loop !
[2017-02-09 03:12:27][debug]  check_wechatpay_response orderid:93is need pay:
[2017-02-09 03:12:27][debug]  start loop !
[2017-02-09 03:12:27][debug]  check_wechatpay_response orderid:93is need pay:
[2017-02-09 03:12:28][debug]  start loop !
[2017-02-09 03:12:28][debug]  check_wechatpay_response orderid:93is need pay:
[2017-02-09 03:12:29][debug]  start loop !
[2017-02-09 03:12:29][debug]  check_wechatpay_response orderid:93is need pay:
[2017-02-09 03:12:29][debug]  start loop !
[2017-02-09 03:12:29][debug]  check_wechatpay_response orderid:93is need pay:
[2017-02-09 03:12:30][debug]  start loop !
[2017-02-09 03:12:30][debug]  check_wechatpay_response orderid:93is need pay:
[2017-02-09 03:12:30][debug]  start loop !
[2017-02-09 03:12:30][debug]  check_wechatpay_response orderid:93is need pay:
[2017-02-09 03:12:31][debug]  start loop !
[2017-02-09 03:12:31][debug]  check_wechatpay_response orderid:93is need pay:
[2017-02-09 03:12:32][debug]  start loop !
[2017-02-09 03:12:32][debug]  check_wechatpay_response orderid:93is need pay:1
