[2017-02-08 17:42:04][debug] Pay order with weChat payment
[2017-02-08 17:42:05][debug] Response of WxPayApi::unifiedOrder:Array
(
    [return_code] => FAIL
    [return_msg] => appid参数长度有误
)

[2017-02-08 17:42:05][debug] enter check_wechatpay_response!
[2017-02-08 17:42:05][debug] Generate WeChat QR Code:
[2017-02-08 17:42:06][debug]  start loop !
[2017-02-08 17:42:06][debug]  check_wechatpay_response orderid:91is need pay:
[2017-02-08 17:42:06][debug]  start loop !
[2017-02-08 17:42:06][debug]  check_wechatpay_response orderid:91is need pay:
[2017-02-08 17:42:07][debug]  start loop !
[2017-02-08 17:42:07][debug]  check_wechatpay_response orderid:91is need pay:
[2017-02-08 17:42:07][debug]  start loop !
[2017-02-08 17:42:07][debug]  check_wechatpay_response orderid:91is need pay:
[2017-02-08 17:42:08][debug]  start loop !
[2017-02-08 17:42:08][debug]  check_wechatpay_response orderid:91is need pay:
[2017-02-08 17:42:08][debug]  start loop !
[2017-02-08 17:42:08][debug]  check_wechatpay_response orderid:91is need pay:
[2017-02-08 17:42:09][debug]  start loop !
[2017-02-08 17:42:09][debug]  check_wechatpay_response orderid:91is need pay:
[2017-02-08 17:42:09][debug]  start loop !
[2017-02-08 17:42:09][debug]  check_wechatpay_response orderid:91is need pay:
[2017-02-08 17:42:10][debug]  start loop !
[2017-02-08 17:42:10][debug]  check_wechatpay_response orderid:91is need pay:
[2017-02-08 17:42:10][debug]  start loop !
[2017-02-08 17:42:10][debug]  check_wechatpay_response orderid:91is need pay:
[2017-02-08 17:42:10][debug]  start loop !
[2017-02-08 17:42:10][debug]  check_wechatpay_response orderid:91is need pay:
[2017-02-08 17:42:11][debug]  start loop !
[2017-02-08 17:42:11][debug]  check_wechatpay_response orderid:91is need pay:
[2017-02-08 17:42:11][debug]  start loop !
[2017-02-08 17:42:11][debug]  check_wechatpay_response orderid:91is need pay:
[2017-02-08 17:42:12][debug]  start loop !
[2017-02-08 17:42:12][debug]  check_wechatpay_response orderid:91is need pay:
[2017-02-08 17:42:12][debug]  start loop !
[2017-02-08 17:42:12][debug]  check_wechatpay_response orderid:91is need pay:
[2017-02-08 17:42:13][debug]  start loop !
[2017-02-08 17:42:13][debug]  check_wechatpay_response orderid:91is need pay:
[2017-02-08 17:42:13][debug]  start loop !
[2017-02-08 17:42:13][debug]  check_wechatpay_response orderid:91is need pay:
[2017-02-08 17:42:14][debug]  start loop !
[2017-02-08 17:42:14][debug]  check_wechatpay_response orderid:91is need pay:
[2017-02-08 17:42:14][debug]  start loop !
[2017-02-08 17:42:14][debug]  check_wechatpay_response orderid:91is need pay:
[2017-02-08 17:42:14][debug]  start loop !
[2017-02-08 17:42:14][debug]  check_wechatpay_response orderid:91is need pay:
[2017-02-08 17:42:15][debug]  start loop !
[2017-02-08 17:42:15][debug]  check_wechatpay_response orderid:91is need pay:
[2017-02-08 17:42:15][debug]  start loop !
[2017-02-08 17:42:15][debug]  check_wechatpay_response orderid:91is need pay:
[2017-02-08 17:42:16][debug]  start loop !
[2017-02-08 17:42:16][debug]  check_wechatpay_response orderid:91is need pay:
[2017-02-08 17:42:16][debug]  start loop !
[2017-02-08 17:42:16][debug]  check_wechatpay_response orderid:91is need pay:
[2017-02-08 17:42:17][debug]  start loop !
[2017-02-08 17:42:17][debug]  check_wechatpay_response orderid:91is need pay:
[2017-02-08 17:42:17][debug]  start loop !
[2017-02-08 17:42:17][debug]  check_wechatpay_response orderid:91is need pay:
[2017-02-08 17:42:18][debug]  start loop !
[2017-02-08 17:42:18][debug]  check_wechatpay_response orderid:91is need pay:
[2017-02-08 17:42:18][debug]  start loop !
[2017-02-08 17:42:18][debug]  check_wechatpay_response orderid:91is need pay:
[2017-02-08 17:42:18][debug]  start loop !
[2017-02-08 17:42:18][debug]  check_wechatpay_response orderid:91is need pay:
[2017-02-08 17:42:19][debug]  start loop !
[2017-02-08 17:42:19][debug]  check_wechatpay_response orderid:91is need pay:
[2017-02-08 17:42:20][debug]  start loop !
[2017-02-08 17:42:20][debug]  check_wechatpay_response orderid:91is need pay:
[2017-02-08 17:42:21][debug]  start loop !
[2017-02-08 17:42:21][debug]  check_wechatpay_response orderid:91is need pay:
[2017-02-08 17:42:21][debug]  start loop !
[2017-02-08 17:42:21][debug]  check_wechatpay_response orderid:91is need pay:
[2017-02-08 17:42:22][debug]  start loop !
[2017-02-08 17:42:22][debug]  check_wechatpay_response orderid:91is need pay:
[2017-02-08 17:42:22][debug]  start loop !
[2017-02-08 17:42:22][debug]  check_wechatpay_response orderid:91is need pay:
[2017-02-08 17:42:23][debug]  start loop !
[2017-02-08 17:42:23][debug]  check_wechatpay_response orderid:91is need pay:
[2017-02-08 17:42:23][debug]  start loop !
[2017-02-08 17:42:23][debug]  check_wechatpay_response orderid:91is need pay:
[2017-02-08 17:42:24][debug]  start loop !
[2017-02-08 17:42:24][debug]  check_wechatpay_response orderid:91is need pay:
[2017-02-08 17:42:24][debug]  start loop !
[2017-02-08 17:42:24][debug]  check_wechatpay_response orderid:91is need pay:
[2017-02-08 17:42:25][debug]  start loop !
[2017-02-08 17:42:25][debug]  check_wechatpay_response orderid:91is need pay:
[2017-02-08 17:42:25][debug]  start loop !
[2017-02-08 17:42:25][debug]  check_wechatpay_response orderid:91is need pay:
[2017-02-08 17:42:35][debug] Pay order with weChat payment
[2017-02-08 17:42:36][debug] Response of WxPayApi::unifiedOrder:Array
(
    [return_code] => FAIL
    [return_msg] => appid参数长度有误
)

[2017-02-08 17:43:36][debug] Pay order with weChat payment
[2017-02-08 17:43:39][debug] Response of WxPayApi::unifiedOrder:Array
(
    [return_code] => FAIL
    [return_msg] => appid参数长度有误
)

[2017-02-08 17:43:39][debug] enter check_wechatpay_response!
[2017-02-08 17:43:39][debug] Generate WeChat QR Code:
[2017-02-08 17:43:40][debug]  start loop !
[2017-02-08 17:43:40][debug]  check_wechatpay_response orderid:92is need pay:
[2017-02-08 17:43:40][debug]  start loop !
[2017-02-08 17:43:40][debug]  check_wechatpay_response orderid:92is need pay:
[2017-02-08 17:43:40][debug]  start loop !
[2017-02-08 17:43:40][debug]  check_wechatpay_response orderid:92is need pay:
[2017-02-08 17:43:41][debug]  start loop !
[2017-02-08 17:43:41][debug]  check_wechatpay_response orderid:92is need pay:
[2017-02-08 17:43:41][debug]  start loop !
[2017-02-08 17:43:41][debug]  check_wechatpay_response orderid:92is need pay:
[2017-02-08 17:43:42][debug]  start loop !
[2017-02-08 17:43:42][debug]  check_wechatpay_response orderid:92is need pay:
[2017-02-08 17:43:42][debug]  start loop !
[2017-02-08 17:43:42][debug]  check_wechatpay_response orderid:92is need pay:
[2017-02-08 17:43:43][debug]  start loop !
[2017-02-08 17:43:43][debug]  check_wechatpay_response orderid:92is need pay:
[2017-02-08 17:43:43][debug]  start loop !
[2017-02-08 17:43:43][debug]  check_wechatpay_response orderid:92is need pay:
[2017-02-08 17:43:44][debug]  start loop !
[2017-02-08 17:43:44][debug]  check_wechatpay_response orderid:92is need pay:
[2017-02-08 17:43:44][debug]  start loop !
[2017-02-08 17:43:44][debug]  check_wechatpay_response orderid:92is need pay:
[2017-02-08 17:43:44][debug]  start loop !
[2017-02-08 17:43:44][debug]  check_wechatpay_response orderid:92is need pay:
[2017-02-08 17:43:45][debug]  start loop !
[2017-02-08 17:43:45][debug]  check_wechatpay_response orderid:92is need pay:
[2017-02-08 17:43:45][debug]  start loop !
[2017-02-08 17:43:45][debug]  check_wechatpay_response orderid:92is need pay:
[2017-02-08 17:43:46][debug]  start loop !
[2017-02-08 17:43:46][debug]  check_wechatpay_response orderid:92is need pay:
[2017-02-08 17:43:46][debug]  start loop !
[2017-02-08 17:43:46][debug]  check_wechatpay_response orderid:92is need pay:
[2017-02-08 17:43:47][debug]  start loop !
[2017-02-08 17:43:47][debug]  check_wechatpay_response orderid:92is need pay:
[2017-02-08 17:43:47][debug]  start loop !
[2017-02-08 17:43:47][debug]  check_wechatpay_response orderid:92is need pay:
[2017-02-08 17:43:47][debug]  start loop !
[2017-02-08 17:43:47][debug]  check_wechatpay_response orderid:92is need pay:
[2017-02-08 17:43:48][debug]  start loop !
[2017-02-08 17:43:48][debug]  check_wechatpay_response orderid:92is need pay:
[2017-02-08 17:43:49][debug]  start loop !
[2017-02-08 17:43:49][debug]  check_wechatpay_response orderid:92is need pay:
[2017-02-08 17:43:50][debug]  start loop !
[2017-02-08 17:43:50][debug]  check_wechatpay_response orderid:92is need pay:
[2017-02-08 17:43:51][debug]  start loop !
[2017-02-08 17:43:51][debug]  check_wechatpay_response orderid:92is need pay:
[2017-02-08 17:43:52][debug]  start loop !
[2017-02-08 17:43:52][debug]  check_wechatpay_response orderid:92is need pay:
[2017-02-08 17:43:53][debug]  start loop !
[2017-02-08 17:43:53][debug]  check_wechatpay_response orderid:92is need pay:
[2017-02-08 17:43:54][debug]  start loop !
[2017-02-08 17:43:54][debug]  check_wechatpay_response orderid:92is need pay:
[2017-02-08 17:43:54][debug]  start loop !
[2017-02-08 17:43:54][debug]  check_wechatpay_response orderid:92is need pay:
[2017-02-08 17:43:55][debug]  start loop !
[2017-02-08 17:43:55][debug]  check_wechatpay_response orderid:92is need pay:
[2017-02-08 17:43:55][debug]  start loop !
[2017-02-08 17:43:55][debug]  check_wechatpay_response orderid:92is need pay:
[2017-02-08 17:43:56][debug]  start loop !
[2017-02-08 17:43:56][debug]  check_wechatpay_response orderid:92is need pay:
[2017-02-08 17:43:56][debug]  start loop !
[2017-02-08 17:43:56][debug]  check_wechatpay_response orderid:92is need pay:
[2017-02-08 17:43:57][debug]  start loop !
[2017-02-08 17:43:57][debug]  check_wechatpay_response orderid:92is need pay:
[2017-02-08 17:43:58][debug]  start loop !
[2017-02-08 17:43:58][debug]  check_wechatpay_response orderid:92is need pay:
[2017-02-08 17:43:59][debug]  start loop !
[2017-02-08 17:43:59][debug]  check_wechatpay_response orderid:92is need pay:
[2017-02-08 17:44:00][debug]  start loop !
[2017-02-08 17:44:00][debug]  check_wechatpay_response orderid:92is need pay:
[2017-02-08 17:44:01][debug]  start loop !
[2017-02-08 17:44:01][debug]  check_wechatpay_response orderid:92is need pay:
[2017-02-08 17:44:02][debug]  start loop !
[2017-02-08 17:44:02][debug]  check_wechatpay_response orderid:92is need pay:
[2017-02-08 17:44:03][debug]  start loop !
[2017-02-08 17:44:03][debug]  check_wechatpay_response orderid:92is need pay:
[2017-02-08 17:44:04][debug]  start loop !
[2017-02-08 17:44:04][debug]  check_wechatpay_response orderid:92is need pay:
[2017-02-08 17:44:05][debug]  start loop !
[2017-02-08 17:44:05][debug]  check_wechatpay_response orderid:92is need pay:
[2017-02-08 17:44:06][debug]  start loop !
[2017-02-08 17:44:06][debug]  check_wechatpay_response orderid:92is need pay:
[2017-02-08 17:44:07][debug]  start loop !
[2017-02-08 17:44:07][debug]  check_wechatpay_response orderid:92is need pay:
[2017-02-08 17:44:08][debug]  start loop !
[2017-02-08 17:44:08][debug]  check_wechatpay_response orderid:92is need pay:
[2017-02-08 17:44:09][debug]  start loop !
[2017-02-08 17:44:09][debug]  check_wechatpay_response orderid:92is need pay:
[2017-02-08 17:44:10][debug]  start loop !
[2017-02-08 17:44:10][debug]  check_wechatpay_response orderid:92is need pay:
[2017-02-08 17:44:11][debug]  start loop !
[2017-02-08 17:44:11][debug]  check_wechatpay_response orderid:92is need pay:
[2017-02-08 17:44:12][debug]  start loop !
[2017-02-08 17:44:12][debug]  check_wechatpay_response orderid:92is need pay:
[2017-02-08 17:44:13][debug]  start loop !
[2017-02-08 17:44:13][debug]  check_wechatpay_response orderid:92is need pay:
[2017-02-08 17:44:14][debug]  start loop !
[2017-02-08 17:44:14][debug]  check_wechatpay_response orderid:92is need pay:
[2017-02-08 17:44:15][debug]  start loop !
[2017-02-08 17:44:15][debug]  check_wechatpay_response orderid:92is need pay:
[2017-02-08 17:44:16][debug]  start loop !
[2017-02-08 17:44:16][debug]  check_wechatpay_response orderid:92is need pay:
[2017-02-08 18:19:51][debug] Pay order with weChat payment
[2017-02-08 18:19:53][debug] Response of WxPayApi::unifiedOrder:Array
(
    [return_code] => FAIL
    [return_msg] => appid参数长度有误
)

[2017-02-08 18:19:54][debug]  start loop !
[2017-02-08 18:19:54][debug]  check_wechatpay_response orderid:93is need pay:
[2017-02-08 18:19:54][debug]  start loop !
[2017-02-08 18:19:54][debug]  check_wechatpay_response orderid:93is need pay:
[2017-02-08 18:19:55][debug]  start loop !
[2017-02-08 18:19:55][debug]  check_wechatpay_response orderid:93is need pay:
[2017-02-08 18:19:55][debug]  start loop !
[2017-02-08 18:19:55][debug]  check_wechatpay_response orderid:93is need pay:
[2017-02-08 18:19:56][debug]  start loop !
[2017-02-08 18:19:56][debug]  check_wechatpay_response orderid:93is need pay:
[2017-02-08 18:19:56][debug]  start loop !
[2017-02-08 18:19:56][debug]  check_wechatpay_response orderid:93is need pay:
[2017-02-08 18:19:57][debug]  start loop !
[2017-02-08 18:19:57][debug]  check_wechatpay_response orderid:93is need pay:
[2017-02-08 18:19:57][debug]  start loop !
[2017-02-08 18:19:57][debug]  check_wechatpay_response orderid:93is need pay:
[2017-02-08 18:19:58][debug]  start loop !
[2017-02-08 18:19:58][debug]  check_wechatpay_response orderid:93is need pay:
[2017-02-08 18:19:58][debug]  start loop !
[2017-02-08 18:19:58][debug]  check_wechatpay_response orderid:93is need pay:
[2017-02-08 18:19:59][debug]  start loop !
[2017-02-08 18:19:59][debug]  check_wechatpay_response orderid:93is need pay:
[2017-02-08 18:19:59][debug]  start loop !
[2017-02-08 18:19:59][debug]  check_wechatpay_response orderid:93is need pay:
[2017-02-08 18:19:59][debug]  start loop !
[2017-02-08 18:19:59][debug]  check_wechatpay_response orderid:93is need pay:
[2017-02-08 18:20:00][debug]  start loop !
[2017-02-08 18:20:00][debug]  check_wechatpay_response orderid:93is need pay:
[2017-02-08 18:20:00][debug]  start loop !
[2017-02-08 18:20:00][debug]  check_wechatpay_response orderid:93is need pay:
[2017-02-08 18:20:01][debug]  start loop !
[2017-02-08 18:20:01][debug]  check_wechatpay_response orderid:93is need pay:
[2017-02-08 18:20:01][debug]  start loop !
[2017-02-08 18:20:01][debug]  check_wechatpay_response orderid:93is need pay:
[2017-02-08 18:20:02][debug]  start loop !
[2017-02-08 18:20:02][debug]  check_wechatpay_response orderid:93is need pay:
[2017-02-08 18:20:02][debug]  start loop !
[2017-02-08 18:20:02][debug]  check_wechatpay_response orderid:93is need pay:
[2017-02-08 18:20:03][debug]  start loop !
[2017-02-08 18:20:03][debug]  check_wechatpay_response orderid:93is need pay:
[2017-02-08 18:20:04][debug]  start loop !
[2017-02-08 18:20:04][debug]  check_wechatpay_response orderid:93is need pay:
[2017-02-08 18:20:04][debug]  start loop !
[2017-02-08 18:20:04][debug]  check_wechatpay_response orderid:93is need pay:
[2017-02-08 18:20:05][debug]  start loop !
[2017-02-08 18:20:05][debug]  check_wechatpay_response orderid:93is need pay:
[2017-02-08 18:20:05][debug]  start loop !
[2017-02-08 18:20:05][debug]  check_wechatpay_response orderid:93is need pay:
[2017-02-08 18:20:05][debug]  start loop !
[2017-02-08 18:20:05][debug]  check_wechatpay_response orderid:93is need pay:
[2017-02-08 18:20:06][debug]  start loop !
[2017-02-08 18:20:06][debug]  check_wechatpay_response orderid:93is need pay:
[2017-02-08 18:20:06][debug]  start loop !
[2017-02-08 18:20:06][debug]  check_wechatpay_response orderid:93is need pay:
[2017-02-08 18:20:07][debug]  start loop !
[2017-02-08 18:20:07][debug]  check_wechatpay_response orderid:93is need pay:
[2017-02-08 18:20:07][debug]  start loop !
[2017-02-08 18:20:07][debug]  check_wechatpay_response orderid:93is need pay:
[2017-02-08 18:20:08][debug]  start loop !
[2017-02-08 18:20:08][debug]  check_wechatpay_response orderid:93is need pay:
[2017-02-08 18:20:08][debug]  start loop !
[2017-02-08 18:20:08][debug]  check_wechatpay_response orderid:93is need pay:
[2017-02-08 18:20:09][debug]  start loop !
[2017-02-08 18:20:09][debug]  check_wechatpay_response orderid:93is need pay:
[2017-02-08 18:20:09][debug]  start loop !
[2017-02-08 18:20:09][debug]  check_wechatpay_response orderid:93is need pay:
[2017-02-08 18:20:10][debug]  start loop !
[2017-02-08 18:20:10][debug]  check_wechatpay_response orderid:93is need pay:
[2017-02-08 18:20:10][debug]  start loop !
[2017-02-08 18:20:10][debug]  check_wechatpay_response orderid:93is need pay:
[2017-02-08 18:20:11][debug]  start loop !
[2017-02-08 18:20:11][debug]  check_wechatpay_response orderid:93is need pay:
[2017-02-08 18:20:11][debug]  start loop !
[2017-02-08 18:20:11][debug]  check_wechatpay_response orderid:93is need pay:
[2017-02-08 18:20:12][debug]  start loop !
[2017-02-08 18:20:12][debug]  check_wechatpay_response orderid:93is need pay:
[2017-02-08 18:20:12][debug]  start loop !
[2017-02-08 18:20:12][debug]  check_wechatpay_response orderid:93is need pay:
[2017-02-08 18:20:13][debug]  start loop !
[2017-02-08 18:20:13][debug]  check_wechatpay_response orderid:93is need pay:
[2017-02-08 18:20:13][debug]  start loop !
[2017-02-08 18:20:13][debug]  check_wechatpay_response orderid:93is need pay:
[2017-02-08 18:20:14][debug]  start loop !
[2017-02-08 18:20:14][debug]  check_wechatpay_response orderid:93is need pay:
[2017-02-08 18:20:14][debug]  start loop !
[2017-02-08 18:20:14][debug]  check_wechatpay_response orderid:93is need pay:
[2017-02-08 18:20:14][debug]  start loop !
[2017-02-08 18:20:14][debug]  check_wechatpay_response orderid:93is need pay:
[2017-02-08 18:20:15][debug]  start loop !
[2017-02-08 18:20:15][debug]  check_wechatpay_response orderid:93is need pay:
[2017-02-08 18:20:15][debug]  start loop !
[2017-02-08 18:20:15][debug]  check_wechatpay_response orderid:93is need pay:
[2017-02-08 18:20:16][debug]  start loop !
[2017-02-08 18:20:16][debug]  check_wechatpay_response orderid:93is need pay:
[2017-02-08 18:20:16][debug]  start loop !
[2017-02-08 18:20:16][debug]  check_wechatpay_response orderid:93is need pay:
[2017-02-08 18:20:17][debug]  start loop !
[2017-02-08 18:20:17][debug]  check_wechatpay_response orderid:93is need pay:
[2017-02-08 18:20:17][debug]  start loop !
[2017-02-08 18:20:17][debug]  check_wechatpay_response orderid:93is need pay:
[2017-02-08 18:20:17][debug]  start loop !
[2017-02-08 18:20:17][debug]  check_wechatpay_response orderid:93is need pay:
[2017-02-08 18:21:25][debug] Pay order with weChat payment
[2017-02-08 18:21:27][debug] Response of WxPayApi::unifiedOrder:Array
(
    [return_code] => FAIL
    [return_msg] => appid参数长度有误
)

[2017-02-08 18:21:27][debug] Pay order with weChat payment
[2017-02-08 18:21:38][debug] Pay order with weChat payment
[2017-02-08 18:21:41][debug] Response of WxPayApi::unifiedOrder:Array
(
    [return_code] => FAIL
    [return_msg] => appid参数长度有误
)

[2017-02-08 18:21:42][debug]  start loop !
[2017-02-08 18:21:42][debug]  check_wechatpay_response orderid:93is need pay:
[2017-02-08 18:21:42][debug]  start loop !
[2017-02-08 18:21:42][debug]  check_wechatpay_response orderid:93is need pay:
[2017-02-08 18:21:43][debug]  start loop !
[2017-02-08 18:21:43][debug]  check_wechatpay_response orderid:93is need pay:
[2017-02-08 18:21:43][debug]  start loop !
[2017-02-08 18:21:43][debug]  check_wechatpay_response orderid:93is need pay:
[2017-02-08 18:21:44][debug]  start loop !
[2017-02-08 18:21:44][debug]  check_wechatpay_response orderid:93is need pay:
[2017-02-08 18:21:44][debug]  start loop !
[2017-02-08 18:21:44][debug]  check_wechatpay_response orderid:93is need pay:
[2017-02-08 18:21:45][debug]  start loop !
[2017-02-08 18:21:45][debug]  check_wechatpay_response orderid:93is need pay:
[2017-02-08 18:21:45][debug]  start loop !
[2017-02-08 18:21:45][debug]  check_wechatpay_response orderid:93is need pay:
[2017-02-08 18:21:46][debug]  start loop !
[2017-02-08 18:21:46][debug]  check_wechatpay_response orderid:93is need pay:
[2017-02-08 18:21:46][debug]  start loop !
[2017-02-08 18:21:46][debug]  check_wechatpay_response orderid:93is need pay:
[2017-02-08 18:21:47][debug]  start loop !
[2017-02-08 18:21:47][debug]  check_wechatpay_response orderid:93is need pay:
[2017-02-08 18:21:47][debug]  start loop !
[2017-02-08 18:21:48][debug]  check_wechatpay_response orderid:93is need pay:
[2017-02-08 18:21:48][debug]  start loop !
[2017-02-08 18:21:48][debug]  check_wechatpay_response orderid:93is need pay:
[2017-02-08 18:21:49][debug]  start loop !
[2017-02-08 18:21:49][debug]  check_wechatpay_response orderid:93is need pay:
[2017-02-08 18:21:49][debug]  start loop !
[2017-02-08 18:21:49][debug]  check_wechatpay_response orderid:93is need pay:
[2017-02-08 18:21:50][debug]  start loop !
[2017-02-08 18:21:50][debug]  check_wechatpay_response orderid:93is need pay:
[2017-02-08 18:21:50][debug]  start loop !
[2017-02-08 18:21:50][debug]  check_wechatpay_response orderid:93is need pay:
[2017-02-08 18:21:51][debug]  start loop !
[2017-02-08 18:21:51][debug]  check_wechatpay_response orderid:93is need pay:
[2017-02-08 18:21:52][debug]  start loop !
[2017-02-08 18:21:52][debug]  check_wechatpay_response orderid:93is need pay:
[2017-02-08 18:21:53][debug]  start loop !
[2017-02-08 18:21:53][debug]  check_wechatpay_response orderid:93is need pay:
[2017-02-08 18:21:54][debug]  start loop !
[2017-02-08 18:21:54][debug]  check_wechatpay_response orderid:93is need pay:
[2017-02-08 18:21:55][debug]  start loop !
[2017-02-08 18:21:55][debug]  check_wechatpay_response orderid:93is need pay:
[2017-02-08 18:21:56][debug]  start loop !
[2017-02-08 18:21:56][debug]  check_wechatpay_response orderid:93is need pay:
[2017-02-08 18:21:57][debug]  start loop !
[2017-02-08 18:21:57][debug]  check_wechatpay_response orderid:93is need pay:
[2017-02-08 18:21:58][debug]  start loop !
[2017-02-08 18:21:58][debug]  check_wechatpay_response orderid:93is need pay:
[2017-02-08 18:23:15][debug]  start loop !
[2017-02-08 18:23:15][debug]  check_wechatpay_response orderid:93is need pay:
[2017-02-08 18:23:15][debug]  start loop !
[2017-02-08 18:23:15][debug]  check_wechatpay_response orderid:93is need pay:
[2017-02-08 18:23:15][debug]  start loop !
[2017-02-08 18:23:15][debug]  check_wechatpay_response orderid:93is need pay:
[2017-02-08 18:23:16][debug]  start loop !
[2017-02-08 18:23:16][debug]  check_wechatpay_response orderid:93is need pay:
[2017-02-08 18:23:17][debug]  start loop !
[2017-02-08 18:23:17][debug]  check_wechatpay_response orderid:93is need pay:
[2017-02-08 18:23:17][debug]  start loop !
[2017-02-08 18:23:17][debug]  check_wechatpay_response orderid:93is need pay:
[2017-02-08 18:23:18][debug]  start loop !
[2017-02-08 18:23:18][debug]  check_wechatpay_response orderid:93is need pay:
[2017-02-08 18:23:18][debug]  start loop !
[2017-02-08 18:23:18][debug]  check_wechatpay_response orderid:93is need pay:
[2017-02-08 18:23:19][debug]  start loop !
[2017-02-08 18:23:19][debug]  check_wechatpay_response orderid:93is need pay:
[2017-02-08 18:23:19][debug]  start loop !
[2017-02-08 18:23:19][debug]  check_wechatpay_response orderid:93is need pay:
[2017-02-08 18:23:19][debug]  start loop !
[2017-02-08 18:23:19][debug]  check_wechatpay_response orderid:93is need pay:
[2017-02-08 18:23:20][debug]  start loop !
[2017-02-08 18:23:20][debug]  check_wechatpay_response orderid:93is need pay:
[2017-02-08 18:23:20][debug]  start loop !
[2017-02-08 18:23:20][debug]  check_wechatpay_response orderid:93is need pay:
[2017-02-08 18:23:21][debug]  start loop !
[2017-02-08 18:23:21][debug]  check_wechatpay_response orderid:93is need pay:
[2017-02-08 18:23:21][debug]  start loop !
[2017-02-08 18:23:21][debug]  check_wechatpay_response orderid:93is need pay:
[2017-02-08 18:23:22][debug]  start loop !
[2017-02-08 18:23:22][debug]  check_wechatpay_response orderid:93is need pay:
[2017-02-08 18:23:22][debug]  start loop !
[2017-02-08 18:23:22][debug]  check_wechatpay_response orderid:93is need pay:
[2017-02-08 18:23:22][debug]  start loop !
[2017-02-08 18:23:22][debug]  check_wechatpay_response orderid:93is need pay:
[2017-02-08 18:23:23][debug]  start loop !
[2017-02-08 18:23:23][debug]  check_wechatpay_response orderid:93is need pay:
[2017-02-08 18:23:23][debug]  start loop !
[2017-02-08 18:23:23][debug]  check_wechatpay_response orderid:93is need pay:
[2017-02-08 18:23:24][debug]  start loop !
[2017-02-08 18:23:24][debug]  check_wechatpay_response orderid:93is need pay:
[2017-02-08 18:23:24][debug]  start loop !
[2017-02-08 18:23:24][debug]  check_wechatpay_response orderid:93is need pay:
[2017-02-08 18:23:25][debug]  start loop !
[2017-02-08 18:23:25][debug]  check_wechatpay_response orderid:93is need pay:
[2017-02-08 18:23:25][debug]  start loop !
[2017-02-08 18:23:25][debug]  check_wechatpay_response orderid:93is need pay:
[2017-02-08 18:23:26][debug]  start loop !
[2017-02-08 18:23:26][debug]  check_wechatpay_response orderid:93is need pay:
[2017-02-08 18:23:26][debug]  start loop !
[2017-02-08 18:23:26][debug]  check_wechatpay_response orderid:93is need pay:
[2017-02-08 18:23:27][debug]  start loop !
[2017-02-08 18:23:27][debug]  check_wechatpay_response orderid:93is need pay:
[2017-02-08 18:23:27][debug]  start loop !
[2017-02-08 18:23:27][debug]  check_wechatpay_response orderid:93is need pay:
[2017-02-08 18:23:28][debug]  start loop !
[2017-02-08 18:23:28][debug]  check_wechatpay_response orderid:93is need pay:
[2017-02-08 18:23:29][debug]  start loop !
[2017-02-08 18:23:29][debug]  check_wechatpay_response orderid:93is need pay:
[2017-02-08 18:23:30][debug]  start loop !
[2017-02-08 18:23:30][debug]  check_wechatpay_response orderid:93is need pay:
[2017-02-08 18:23:31][debug]  start loop !
[2017-02-08 18:23:31][debug]  check_wechatpay_response orderid:93is need pay:
[2017-02-08 18:23:31][debug]  start loop !
[2017-02-08 18:23:31][debug]  check_wechatpay_response orderid:93is need pay:
[2017-02-08 18:23:32][debug]  start loop !
[2017-02-08 18:23:32][debug]  check_wechatpay_response orderid:93is need pay:
[2017-02-08 18:23:32][debug]  start loop !
[2017-02-08 18:23:32][debug]  check_wechatpay_response orderid:93is need pay:
[2017-02-08 18:23:33][debug]  start loop !
[2017-02-08 18:23:33][debug]  check_wechatpay_response orderid:93is need pay:
[2017-02-08 18:23:33][debug]  start loop !
[2017-02-08 18:23:33][debug]  check_wechatpay_response orderid:93is need pay:
[2017-02-08 18:23:33][debug]  start loop !
[2017-02-08 18:23:33][debug]  check_wechatpay_response orderid:93is need pay:
[2017-02-08 18:23:34][debug]  start loop !
[2017-02-08 18:23:34][debug]  check_wechatpay_response orderid:93is need pay:
[2017-02-08 18:23:34][debug]  start loop !
[2017-02-08 18:23:34][debug]  check_wechatpay_response orderid:93is need pay:
[2017-02-08 18:23:35][debug]  start loop !
[2017-02-08 18:23:35][debug]  check_wechatpay_response orderid:93is need pay:
[2017-02-08 18:23:35][debug]  start loop !
[2017-02-08 18:23:35][debug]  check_wechatpay_response orderid:93is need pay:
[2017-02-08 18:23:36][debug]  start loop !
[2017-02-08 18:23:36][debug]  check_wechatpay_response orderid:93is need pay:
[2017-02-08 18:23:36][debug]  start loop !
[2017-02-08 18:23:36][debug]  check_wechatpay_response orderid:93is need pay:
[2017-02-08 18:23:36][debug]  start loop !
[2017-02-08 18:23:36][debug]  check_wechatpay_response orderid:93is need pay:
[2017-02-08 18:23:37][debug]  start loop !
[2017-02-08 18:23:37][debug]  check_wechatpay_response orderid:93is need pay:
[2017-02-08 18:23:37][debug]  start loop !
[2017-02-08 18:23:37][debug]  check_wechatpay_response orderid:93is need pay:
[2017-02-08 18:23:38][debug]  start loop !
[2017-02-08 18:23:38][debug]  check_wechatpay_response orderid:93is need pay:
[2017-02-08 18:23:38][debug]  start loop !
[2017-02-08 18:23:38][debug]  check_wechatpay_response orderid:93is need pay:
[2017-02-08 18:23:39][debug]  start loop !
[2017-02-08 18:23:39][debug]  check_wechatpay_response orderid:93is need pay:
[2017-02-08 18:27:13][debug] Pay order with weChat payment
[2017-02-08 18:27:16][debug] Response of WxPayApi::unifiedOrder:Array
(
    [return_code] => FAIL
    [return_msg] => appid参数长度有误
)

[2017-02-08 18:27:16][debug]  start loop !
[2017-02-08 18:27:16][debug]  check_wechatpay_response orderid:93is need pay:
[2017-02-08 18:27:17][debug]  start loop !
[2017-02-08 18:27:17][debug]  check_wechatpay_response orderid:93is need pay:
[2017-02-08 18:27:18][debug]  start loop !
[2017-02-08 18:27:18][debug]  check_wechatpay_response orderid:93is need pay:
[2017-02-08 18:27:18][debug]  start loop !
[2017-02-08 18:27:18][debug]  check_wechatpay_response orderid:93is need pay:
[2017-02-08 18:27:19][debug]  start loop !
[2017-02-08 18:27:19][debug]  check_wechatpay_response orderid:93is need pay:
[2017-02-08 18:27:19][debug]  start loop !
[2017-02-08 18:27:19][debug]  check_wechatpay_response orderid:93is need pay:
[2017-02-08 18:27:20][debug]  start loop !
[2017-02-08 18:27:20][debug]  check_wechatpay_response orderid:93is need pay:
[2017-02-08 18:27:20][debug]  start loop !
[2017-02-08 18:27:20][debug]  check_wechatpay_response orderid:93is need pay:
[2017-02-08 18:27:21][debug]  start loop !
[2017-02-08 18:27:21][debug]  check_wechatpay_response orderid:93is need pay:
[2017-02-08 18:27:21][debug]  start loop !
[2017-02-08 18:27:21][debug]  check_wechatpay_response orderid:93is need pay:
[2017-02-08 18:27:21][debug]  start loop !
[2017-02-08 18:27:21][debug]  check_wechatpay_response orderid:93is need pay:
[2017-02-08 18:27:22][debug]  start loop !
[2017-02-08 18:27:22][debug]  check_wechatpay_response orderid:93is need pay:
[2017-02-08 18:27:22][debug]  start loop !
[2017-02-08 18:27:22][debug]  check_wechatpay_response orderid:93is need pay:
[2017-02-08 18:27:23][debug]  start loop !
[2017-02-08 18:27:23][debug]  check_wechatpay_response orderid:93is need pay:
[2017-02-08 18:27:23][debug]  start loop !
[2017-02-08 18:27:23][debug]  check_wechatpay_response orderid:93is need pay:
[2017-02-08 18:27:24][debug]  start loop !
[2017-02-08 18:27:24][debug]  check_wechatpay_response orderid:93is need pay:
[2017-02-08 18:27:24][debug]  start loop !
[2017-02-08 18:27:24][debug]  check_wechatpay_response orderid:93is need pay:
[2017-02-08 18:27:25][debug]  start loop !
[2017-02-08 18:27:25][debug]  check_wechatpay_response orderid:93is need pay:
[2017-02-08 18:27:25][debug]  start loop !
[2017-02-08 18:27:25][debug]  check_wechatpay_response orderid:93is need pay:
[2017-02-08 18:27:26][debug]  start loop !
[2017-02-08 18:27:26][debug]  check_wechatpay_response orderid:93is need pay:
[2017-02-08 18:27:26][debug]  start loop !
[2017-02-08 18:27:26][debug]  check_wechatpay_response orderid:93is need pay:
[2017-02-08 18:27:27][debug]  start loop !
[2017-02-08 18:27:27][debug]  check_wechatpay_response orderid:93is need pay:
[2017-02-08 18:27:27][debug]  start loop !
[2017-02-08 18:27:27][debug]  check_wechatpay_response orderid:93is need pay:
[2017-02-08 18:27:28][debug]  start loop !
[2017-02-08 18:27:28][debug]  check_wechatpay_response orderid:93is need pay:
[2017-02-08 18:27:28][debug]  start loop !
[2017-02-08 18:27:28][debug]  check_wechatpay_response orderid:93is need pay:
[2017-02-08 18:27:29][debug]  start loop !
[2017-02-08 18:27:29][debug]  check_wechatpay_response orderid:93is need pay:
[2017-02-08 18:27:29][debug]  start loop !
[2017-02-08 18:27:29][debug]  check_wechatpay_response orderid:93is need pay:
[2017-02-08 18:27:30][debug]  start loop !
[2017-02-08 18:27:30][debug]  check_wechatpay_response orderid:93is need pay:
[2017-02-08 18:27:30][debug]  start loop !
[2017-02-08 18:27:30][debug]  check_wechatpay_response orderid:93is need pay:
[2017-02-08 18:27:31][debug]  start loop !
[2017-02-08 18:27:31][debug]  check_wechatpay_response orderid:93is need pay:
[2017-02-08 18:27:31][debug]  start loop !
[2017-02-08 18:27:31][debug]  check_wechatpay_response orderid:93is need pay:
[2017-02-08 18:27:32][debug]  start loop !
[2017-02-08 18:27:32][debug]  check_wechatpay_response orderid:93is need pay:
[2017-02-08 18:27:32][debug]  start loop !
[2017-02-08 18:27:32][debug]  check_wechatpay_response orderid:93is need pay:
[2017-02-08 18:27:32][debug]  start loop !
[2017-02-08 18:27:32][debug]  check_wechatpay_response orderid:93is need pay:
[2017-02-08 18:27:33][debug]  start loop !
[2017-02-08 18:27:33][debug]  check_wechatpay_response orderid:93is need pay:
[2017-02-08 18:27:33][debug]  start loop !
[2017-02-08 18:27:33][debug]  check_wechatpay_response orderid:93is need pay:
[2017-02-08 18:27:34][debug]  start loop !
[2017-02-08 18:27:34][debug]  check_wechatpay_response orderid:93is need pay:
[2017-02-08 18:27:34][debug]  start loop !
[2017-02-08 18:27:34][debug]  check_wechatpay_response orderid:93is need pay:
[2017-02-08 18:27:35][debug]  start loop !
[2017-02-08 18:27:35][debug]  check_wechatpay_response orderid:93is need pay:
[2017-02-08 18:27:35][debug]  start loop !
[2017-02-08 18:27:35][debug]  check_wechatpay_response orderid:93is need pay:
[2017-02-08 18:27:36][debug]  start loop !
[2017-02-08 18:27:36][debug]  check_wechatpay_response orderid:93is need pay:
[2017-02-08 18:27:36][debug]  start loop !
[2017-02-08 18:27:36][debug]  check_wechatpay_response orderid:93is need pay:
[2017-02-08 18:27:37][debug]  start loop !
[2017-02-08 18:27:37][debug]  check_wechatpay_response orderid:93is need pay:
[2017-02-08 18:27:37][debug]  start loop !
[2017-02-08 18:27:37][debug]  check_wechatpay_response orderid:93is need pay:
[2017-02-08 18:27:38][debug]  start loop !
[2017-02-08 18:27:38][debug]  check_wechatpay_response orderid:93is need pay:
[2017-02-08 18:27:39][debug]  start loop !
[2017-02-08 18:27:39][debug]  check_wechatpay_response orderid:93is need pay:
[2017-02-08 18:27:40][debug]  start loop !
[2017-02-08 18:27:40][debug]  check_wechatpay_response orderid:93is need pay:
[2017-02-08 18:27:41][debug]  start loop !
[2017-02-08 18:27:41][debug]  check_wechatpay_response orderid:93is need pay:
[2017-02-08 18:27:42][debug]  start loop !
[2017-02-08 18:27:42][debug]  check_wechatpay_response orderid:93is need pay:
[2017-02-08 18:27:43][debug]  start loop !
[2017-02-08 18:27:43][debug]  check_wechatpay_response orderid:93is need pay:
[2017-02-08 18:27:44][debug]  start loop !
[2017-02-08 18:27:44][debug]  check_wechatpay_response orderid:93is need pay:
